
{"expiring_raw_log_url":null,"generated_log_chunks_num":996,"is_archived":false,"log_chunks":[{"chunk":"ediates.noindex/AppSpectorSDK.build/Debug-iphonesimulator/AppSpectorTests.build/Objects-normal/x86_64/ASCDMetadataBuilderTests.o\n\nCompileC /Users/vagrant/Library/Developer/Xcode/DerivedData/AppSpectorSDK-cofrqffmpxxydhaydpjpjqdagebu/Build/Intermediates.noindex/AppSpectorSDK.build/Debug-iphonesimulator/AppSpectorTests.build/Objects-normal/x86_64/AppSpectorConfigTests.o AppSpectorSDKTests/AppSpectorConfigTests.m normal x86_64 objective-c com.apple.compilers.llvm.clang.1_0.compiler\n    cd /Users/vagrant/git\n    export LANG=en_US.US-ASCII\n    export PATH=\"/Applications/Xcode.app/Contents/Developer/Platforms/iPhoneSimulator.platform/Developer/usr/bin:/Applications/Xcode.app/Contents/Developer/usr/bin:/Users/vagrant/.bitrise/tools:/Users/vagrant/.jenv/shims:/usr/local/bin:/usr/local/sbin:~/bin:/usr/local/bin:/usr/bin:/bin:/usr/sbin:/sbin:/Users/vagrant/.jenv/shims:/usr/local/sbin:/Users/vagrant/bin:/usr/local/opt/go/libexec/bin:/Users/vagrant/go/bin:/Users/vagrant/bitrise/tools/cmd-bridge/bin/osx:/opt/android-ndk:/opt/android-sdk/tools:/opt/android-sdk/tools/bin:/opt/android-sdk/platform-tools:/Users/vagrant/.jenv/bin:/usr/local/opt/go/libexec/bin:/Users/vagrant/go/bin:/Users/vagrant/bitrise/tools/cmd-bridge/bin/osx:/opt/android-ndk:/opt/android-sdk/tools:/opt/android-sdk/tools/bin:/opt/android-sdk/platform-tools:/Users/vagrant/.jenv/bin\"\n    /Applications/Xcode.app/Contents/Developer/Toolchains/XcodeDefault.xctoolchain/usr/bin/clang -x objective-c -arch x86_64 -fmessage-length=0 -fdiagnostics-show-note-include-stack -fmacro-backtrace-limit=0 -std=gnu11 -fobjc-arc -fobjc-weak -fmodules -gmodules -fmodules-cache-path=/Users/vagrant/Library/Developer/Xcode/DerivedData/ModuleCache.noindex -fmodules-prune-interval=86400 -fmodules-prune-after=345600 -fbuild-session-file=/Users/vagrant/Library/Developer/Xcode/DerivedData/ModuleCache.noindex/Session.modulevalidation -fmodules-validate-once-per-build-session -Wnon-modular-include-in-framework-module -Werror=non-modular-include-in-framework-module -Wno-trigraphs -fpascal-strings -O0 -fno-common -Wno-missing-field-initializers -Wno-missing-prototypes -Werror=return-type -Wdocumentation -Wunreachable-code -Wno-implicit-atomic-properties -Werror=deprecated-objc-isa-usage -Werror=objc-root-class -Wno-arc-repeated-use-of-weak -Wimplicit-retain-self -Wduplicate-method-match -Wno-missing-braces -Wparentheses -Wswitch -Wunused-function -Wno-unused-label -Wno-unused-parameter -Wunused-variable -Wunused-value -Wempty-body -Wuninitialized -Wconditional-uninitialized -Wno-unknown-pragmas -Wno-shadow -Wno-four-char-constants -Wno-conversion -Wconstant-conversion -Wint-conversion -Wbool-conversion -Wenum-conversion -Wno-float-conversion -Wnon-literal-null-conversion -Wobjc-literal-conversion -Wshorten-64-to-32 -Wpointer-sign -Wno-newline-eof -Wno-selector -Wno-strict-selector-match -Wundeclared-selector -Wdeprecated-implementations -DDEBUG=1 -DCOCOAPODS=1 -DOBJC_OLD_DISPATCH_PROTOTYPES=0 -isysroot /Applications/Xcode.app/Contents/Developer/Platforms/iPhoneSimulator.platform/Developer/SDKs/iPhoneSimulator11.4.sdk -fasm-blocks -fstrict-aliasing -fprofile-arcs -ftest-coverage -Wprotocol -Wdeprecated-declarations -mios-simulator-version-min=12.1 -g -Wno-sign-conversion -Winfinite-recursion -Wcomma -Wblock-capture-autoreleasing -Wstrict-prototypes -Wunguarded-availability -fobjc-abi-version=2 -fobjc-legacy-dispatch -fprofile-instr-generate -fcoverage-mapping -index-store-path /Users/vagrant/Library/Developer/Xcode/DerivedData/AppSpectorSDK-cofrqffmpxxydhaydpjpjqdagebu/Index/DataStore -iquote /Users/vagrant/Library/Developer/Xcode/DerivedData/AppSpectorSDK-cofrqffmpxxydhaydpjpjqdagebu/Build/Intermediates.noindex/AppSpectorSDK.build/Debug-iphonesimulator/AppSpectorTests.build/AppSpectorTests-generated-files.hmap -I/Users/vagrant/Library/Developer/Xcode/DerivedData/AppSpectorSDK-cofrqffmpxxydhaydpjpjqdagebu/Build/Intermediates.noindex/AppSpectorSDK.build/Debug-iphonesimulator/AppSpectorTests.build/AppSpectorTests-own-target-headers.hmap -I/Users/vagrant/Library/Developer/Xcode/DerivedData/AppSpectorSDK-cofrqffmpxxydhaydpjpjqdagebu/Build/Intermediates.noindex/AppSpectorSDK.build/Debug-iphonesimulator/AppSpectorTests.build/AppSpectorTests-all-non-framework-target-headers.hmap -ivfsoverlay /Users/vagrant/Library/Developer/Xcode/DerivedData/AppSpectorSDK-cofrqffmpxxydhaydpjpjqdagebu/Build/Intermediates.noindex/AppSpectorSDK.build/all-product-headers.yaml -iquote /Users/vagrant/Library/Developer/Xcode/DerivedData/AppSpectorSDK-cofrqffmpxxydhaydpjpjqdagebu/Build/Intermediates.noindex/AppSpectorSDK.build/Debug-iphonesimulator/AppSpectorTests.build/AppSpectorTests-project-headers.hmap -I/Users/vagrant/Library/Developer/Xcode/DerivedData/AppSpectorSDK-cofrqffmpxxydhaydpjpjqdagebu/Build/Products/Debug-iphonesimulator/include -I/Users/vagrant/Library/Developer/Xcode/DerivedData/AppSpectorSDK-cofrqffmpxxydhaydpjpjqdagebu/Build/Intermediates.noindex/AppSpectorSDK.build/Debug-iphonesimulator/AppSpectorTests.build/DerivedSources/x86_64 -I/Users/vagrant/Library/Developer/Xcode/DerivedData/AppSpectorSDK-cofrqffmpxxydhaydpjpjqdagebu/Build/Intermediates.noindex/AppSpectorSDK.build/Debug-iphonesimulator/AppSpectorTests.build/DerivedSources -F/Users/vagrant/Library/Developer/Xcode/DerivedData/AppSpectorSDK-cofrqffmpxxydhaydpjpjqdagebu/Build/Products/Debug-iphonesimulator -F/Applications/Xcode.app/Contents/Developer/Platforms/iPhoneSimulator.platform/Developer/Library/Frameworks -F/Users/vagrant/Library/Developer/Xcode/DerivedData/AppSpectorSDK-cofrqffmpxxydhaydpjpjqdagebu/Build/Products/Debug-iphonesimulator/Expecta-iOS12.1 -F/Users/vagrant/Library/Developer/Xcode/DerivedData/AppSpectorSDK-cofrqffmpxxydhaydpjpjqdagebu/Build/Products/Debug-iphonesimulator/Nocilla-iOS12.1 -F/Users/vagrant/Library/Developer/Xcode/DerivedData/AppSpectorSDK-cofrqffmpxxydhaydpjpjqdagebu/Build/Products/Debug-iphonesimulator/OCMock-iOS12.1 -fembed-bitcode-marker -iquote /Users/vagrant/Library/Developer/Xcode/DerivedData/AppSpectorSDK-cofrqffmpxxydhaydpjpjqdagebu/Build/Products/Debug-iphonesimulator/Expecta-iOS12.1/Expecta.framework/Headers -iquote /Users/vagrant/Library/Developer/Xcode/DerivedData/AppSpectorSDK-cofrqffmpxxydhaydpjpjqdagebu/Build/Products/Debug-iphonesimulator/Nocilla-iOS12.1/Nocilla.framework/Headers -iquote /Users/vagrant/Library/Developer/Xcode/DerivedData/AppSpectorSDK-cofrqffmpxxydhaydpjpjqdagebu/Build/Products/Debug-iphonesimulator/OCMock-iOS12.1/OCMock.framework/Headers -MMD -MT dependencies -MF /Users/vagrant/Library/Developer/Xcode/DerivedData/AppSpectorSDK-cofrqffmpxxydhaydpjpjqdagebu/Build/Intermediates.noindex/AppSpectorSDK.build/Debug-iphonesimulator/AppSpectorTests.build/Objects-normal/x86_64/AppSpectorConfigTests.d --serialize-diagnostics /Users/vagrant/Library/Developer/Xcode/DerivedData/AppSpectorSDK-cofrqffmpxxydhaydpjpjqdagebu/Build/Intermediates.noindex/AppSpectorSDK.build/Debug-iphonesimulator/AppSpectorTests.build/Objects-normal/x86_64/AppSpectorConfigTests.dia -c /Users/vagrant/git/AppSpectorSDKTests/AppSpectorConfigTests.m -o /Users/vagrant/Library/Developer/Xcode/DerivedData/AppSpectorSDK-cofrqffmpxxydhaydpjpjqdagebu/Build/Intermediates.noindex/AppSpectorSDK.build/Debug-iphonesimulator/AppSpectorTests.build/Objects-normal/x86_64/AppSpectorConfigTests.o\n\nCompileC /Users/vagrant/Library/Developer/Xcode/DerivedData/AppSpectorSDK-cofrqffmpxxydhaydpjpjqdagebu/Build/Intermediates.noindex/AppSpectorSDK.build/Debug-iphonesimulator/AppSpectorTests.build/Objects-normal/x86_64/AppSpectorTests_vers.o /Users/vagrant/Library/Developer/Xcode/DerivedData/AppSpectorSDK-cofrqffmpxxydhaydpjpjqdagebu/Build/Intermediates.noindex/AppSpectorSDK.build/Debug-iphonesimulator/AppSpectorTests.build/DerivedSources/AppSpectorTests_vers.c normal x86_64 c com.apple.compilers.llvm.clang.1_0.compiler\n    cd /Users/vagrant/git\n    export LANG=en_US.US-ASCII\n    export PATH=\"/Applications/Xcode.app/Contents/Developer/Platforms/iPhoneSimulator.platform/Developer/usr/bin:/Applications/Xcode.app/Contents/Developer/usr/bin:/Users/vagrant/.bitrise/tools:/Users/vagrant/.jenv/shims:/usr/local/bin:/usr/local/sbin:~/bin:/usr/local/bin:/usr/bin:/bin:/usr/sbin:/sbin:/Users/","position":987},{"chunk":"vagrant/.jenv/shims:/usr/local/sbin:/Users/vagrant/bin:/usr/local/opt/go/libexec/bin:/Users/vagrant/go/bin:/Users/vagrant/bitrise/tools/cmd-bridge/bin/osx:/opt/android-ndk:/opt/android-sdk/tools:/opt/android-sdk/tools/bin:/opt/android-sdk/platform-tools:/Users/vagrant/.jenv/bin:/usr/local/opt/go/libexec/bin:/Users/vagrant/go/bin:/Users/vagrant/bitrise/tools/cmd-bridge/bin/osx:/opt/android-ndk:/opt/android-sdk/tools:/opt/android-sdk/tools/bin:/opt/android-sdk/platform-tools:/Users/vagrant/.jenv/bin\"\n    /Applications/Xcode.app/Contents/Developer/Toolchains/XcodeDefault.xctoolchain/usr/bin/clang -x c -arch x86_64 -fmessage-length=0 -fdiagnostics-show-note-include-stack -fmacro-backtrace-limit=0 -std=gnu11 -fmodules -gmodules -fmodules-cache-path=/Users/vagrant/Library/Developer/Xcode/DerivedData/ModuleCache.noindex -fmodules-prune-interval=86400 -fmodules-prune-after=345600 -fbuild-session-file=/Users/vagrant/Library/Developer/Xcode/DerivedData/ModuleCache.noindex/Session.modulevalidation -fmodules-validate-once-per-build-session -Wnon-modular-include-in-framework-module -Werror=non-modular-include-in-framework-module -Wno-trigraphs -fpascal-strings -O0 -fno-common -Wno-missing-field-initializers -Wno-missing-prototypes -Werror=return-type -Wdocumentation -Wunreachable-code -Werror=deprecated-objc-isa-usage -Werror=objc-root-class -Wno-missing-braces -Wparentheses -Wswitch -Wunused-function -Wno-unused-label -Wno-unused-parameter -Wunused-variable -Wunused-value -Wempty-body -Wuninitialized -Wconditional-uninitialized -Wno-unknown-pragmas -Wno-shadow -Wno-four-char-constants -Wno-conversion -Wconstant-conversion -Wint-conversion -Wbool-conversion -Wenum-conversion -Wno-float-conversion -Wnon-literal-null-conversion -Wobjc-literal-conversion -Wshorten-64-to-32 -Wpointer-sign -Wno-newline-eof -DDEBUG=1 -DCOCOAPODS=1 -isysroot /Applications/Xcode.app/Contents/Developer/Platforms/iPhoneSimulator.platform/Developer/SDKs/iPhoneSimulator11.4.sdk -fasm-blocks -fstrict-aliasing -fprofile-arcs -ftest-coverage -Wdeprecated-declarations -mios-simulator-version-min=12.1 -g -Wno-sign-conversion -Winfinite-recursion -Wcomma -Wblock-capture-autoreleasing -Wstrict-prototypes -Wunguarded-availability -fprofile-instr-generate -fcoverage-mapping -index-store-path /Users/vagrant/Library/Developer/Xcode/DerivedData/AppSpectorSDK-cofrqffmpxxydhaydpjpjqdagebu/Index/DataStore -iquote /Users/vagrant/Library/Developer/Xcode/DerivedData/AppSpectorSDK-cofrqffmpxxydhaydpjpjqdagebu/Build/Intermediates.noindex/AppSpectorSDK.build/Debug-iphonesimulator/AppSpectorTests.build/AppSpectorTests-generated-files.hmap -I/Users/vagrant/Library/Developer/Xcode/DerivedData/AppSpectorSDK-cofrqffmpxxydhaydpjpjqdagebu/Build/Intermediates.noindex/AppSpectorSDK.build/Debug-iphonesimulator/AppSpectorTests.build/AppSpectorTests-own-target-headers.hmap -I/Users/vagrant/Library/Developer/Xcode/DerivedData/AppSpectorSDK-cofrqffmpxxydhaydpjpjqdagebu/Build/Intermediates.noindex/AppSpectorSDK.build/Debug-iphonesimulator/AppSpectorTests.build/AppSpectorTests-all-non-framework-target-headers.hmap -ivfsoverlay /Users/vagrant/Library/Developer/Xcode/DerivedData/AppSpectorSDK-cofrqffmpxxydhaydpjpjqdagebu/Build/Intermediates.noindex/AppSpectorSDK.build/all-product-headers.yaml -iquote /Users/vagrant/Library/Developer/Xcode/DerivedData/AppSpectorSDK-cofrqffmpxxydhaydpjpjqdagebu/Build/Intermediates.noindex/AppSpectorSDK.build/Debug-iphonesimulator/AppSpectorTests.build/AppSpectorTests-project-headers.hmap -I/Users/vagrant/Library/Developer/Xcode/DerivedData/AppSpectorSDK-cofrqffmpxxydhaydpjpjqdagebu/Build/Products/Debug-iphonesimulator/include -I/Users/vagrant/Library/Developer/Xcode/DerivedData/AppSpectorSDK-cofrqffmpxxydhaydpjpjqdagebu/Build/Intermediates.noindex/AppSpectorSDK.build/Debug-iphonesimulator/AppSpectorTests.build/DerivedSources/x86_64 -I/Users/vagrant/Library/Developer/Xcode/DerivedData/AppSpectorSDK-cofrqffmpxxydhaydpjpjqdagebu/Build/Intermediates.noindex/AppSpectorSDK.build/Debug-iphonesimulator/AppSpectorTests.build/DerivedSources -F/Users/vagrant/Library/Developer/Xcode/DerivedData/AppSpectorSDK-cofrqffmpxxydhaydpjpjqdagebu/Build/Products/Debug-iphonesimulator -F/Applications/Xcode.app/Contents/Developer/Platforms/iPhoneSimulator.platform/Developer/Library/Frameworks -F/Users/vagrant/Library/Developer/Xcode/DerivedData/AppSpectorSDK-cofrqffmpxxydhaydpjpjqdagebu/Build/Products/Debug-iphonesimulator/Expecta-iOS12.1 -F/Users/vagrant/Library/Developer/Xcode/DerivedData/AppSpectorSDK-cofrqffmpxxydhaydpjpjqdagebu/Build/Products/Debug-iphonesimulator/Nocilla-iOS12.1 -F/Users/vagrant/Library/Developer/Xcode/DerivedData/AppSpectorSDK-cofrqffmpxxydhaydpjpjqdagebu/Build/Products/Debug-iphonesimulator/OCMock-iOS12.1 -fembed-bitcode-marker -iquote /Users/vagrant/Library/Developer/Xcode/DerivedData/AppSpectorSDK-cofrqffmpxxydhaydpjpjqdagebu/Build/Products/Debug-iphonesimulator/Expecta-iOS12.1/Expecta.framework/Headers -iquote /Users/vagrant/Library/Developer/Xcode/DerivedData/AppSpectorSDK-cofrqffmpxxydhaydpjpjqdagebu/Build/Products/Debug-iphonesimulator/Nocilla-iOS12.1/Nocilla.framework/Headers -iquote /Users/vagrant/Library/Developer/Xcode/DerivedData/AppSpectorSDK-cofrqffmpxxydhaydpjpjqdagebu/Build/Products/Debug-iphonesimulator/OCMock-iOS12.1/OCMock.framework/Headers -MMD -MT dependencies -MF /Users/vagrant/Library/Developer/Xcode/DerivedData/AppSpectorSDK-cofrqffmpxxydhaydpjpjqdagebu/Build/Intermediates.noindex/AppSpectorSDK.build/Debug-iphonesimulator/AppSpectorTests.build/Objects-normal/x86_64/AppSpectorTests_vers.d --serialize-diagnostics /Users/vagrant/Library/Developer/Xcode/DerivedData/AppSpectorSDK-cofrqffmpxxydhaydpjpjqdagebu/Build/Intermediates.noindex/AppSpectorSDK.build/Debug-iphonesimulator/AppSpectorTests.build/Objects-normal/x86_64/AppSpectorTests_vers.dia -c /Users/vagrant/Library/Developer/Xcode/DerivedData/AppSpectorSDK-cofrqffmpxxydhaydpjpjqdagebu/Build/Intermediates.noindex/AppSpectorSDK.build/Debug-iphonesimulator/AppSpectorTests.build/DerivedSources/AppSpectorTests_vers.c -o /Users/vagrant/Library/Developer/Xcode/DerivedData/AppSpectorSDK-cofrqffmpxxydhaydpjpjqdagebu/Build/Intermediates.noindex/AppSpectorSDK.build/Debug-iphonesimulator/AppSpectorTests.build/Objects-normal/x86_64/AppSpectorTests_vers.o\n\nLd /Users/vagrant/Library/Developer/Xcode/DerivedData/AppSpectorSDK-cofrqffmpxxydhaydpjpjqdagebu/Build/Products/Debug-iphonesimulator/AppSpectorWrapper.app/PlugIns/AppSpectorTests.xctest/AppSpectorTests normal x86_64\n    cd /Users/vagrant/git\n    export IPHONEOS_DEPLOYMENT_TARGET=12.1\n    export PATH=\"/Applications/Xcode.app/Contents/Developer/Platforms/iPhoneSimulator.platform/Developer/usr/bin:/Applications/Xcode.app/Contents/Developer/usr/bin:/Users/vagrant/.bitrise/tools:/Users/vagrant/.jenv/shims:/usr/local/bin:/usr/local/sbin:~/bin:/usr/local/bin:/usr/bin:/bin:/usr/sbin:/sbin:/Users/vagrant/.jenv/shims:/usr/local/sbin:/Users/vagrant/bin:/usr/local/opt/go/libexec/bin:/Users/vagrant/go/bin:/Users/vagrant/bitrise/tools/cmd-bridge/bin/osx:/opt/android-ndk:/opt/android-sdk/tools:/opt/android-sdk/tools/bin:/opt/android-sdk/platform-tools:/Users/vagrant/.jenv/bin:/usr/local/opt/go/libexec/bin:/Users/vagrant/go/bin:/Users/vagrant/bitrise/tools/cmd-bridge/bin/osx:/opt/android-ndk:/opt/android-sdk/tools:/opt/android-sdk/tools/bin:/opt/android-sdk/platform-tools:/Users/vagrant/.jenv/bin\"\n    /Applications/Xcode.app/Contents/Developer/Toolchains/XcodeDefault.xctoolchain/usr/bin/clang -arch x86_64 -bundle -isysroot /Applications/Xcode.app/Contents/Developer/Platforms/iPhoneSimulator.platform/Developer/SDKs/iPhoneSimulator11.4.sdk -L/Users/vagrant/Library/Developer/Xcode/DerivedData/AppSpectorSDK-cofrqffmpxxydhaydpjpjqdagebu/Build/Products/Debug-iphonesimulator -F/Users/vagrant/Library/Developer/Xcode/DerivedData/AppSpectorSDK-cofrqffmpxxydhaydpjpjqdagebu/Build/Products/Debug-iphonesimulator -F/Applications/Xcode.app/Contents/Developer/Platforms/iPhoneSimulator.platform/Developer/Library/Frameworks -F/Users/vagrant/Library/Developer/Xcode/DerivedData/AppSpectorSDK-cofrqffmpxxydhaydpjpjqdagebu/Build/Products/Debug-iphonesimulator/Expecta-iOS12.1 -F/Users/vagrant/Library/Developer/Xc","position":988},{"chunk":"ode/DerivedData/AppSpectorSDK-cofrqffmpxxydhaydpjpjqdagebu/Build/Products/Debug-iphonesimulator/Nocilla-iOS12.1 -F/Users/vagrant/Library/Developer/Xcode/DerivedData/AppSpectorSDK-cofrqffmpxxydhaydpjpjqdagebu/Build/Products/Debug-iphonesimulator/OCMock-iOS12.1 -F/Applications/Xcode.app/Contents/Developer/Platforms/iPhoneSimulator.platform/Developer/Library/Frameworks -filelist /Users/vagrant/Library/Developer/Xcode/DerivedData/AppSpectorSDK-cofrqffmpxxydhaydpjpjqdagebu/Build/Intermediates.noindex/AppSpectorSDK.build/Debug-iphonesimulator/AppSpectorTests.build/Objects-normal/x86_64/AppSpectorTests.LinkFileList -Xlinker -rpath -Xlinker @executable_path/Frameworks -Xlinker -rpath -Xlinker @loader_path/Frameworks -Xlinker -rpath -Xlinker @executable_path/Frameworks -Xlinker -rpath -Xlinker @loader_path/Frameworks -mios-simulator-version-min=12.1 -dead_strip -bundle_loader /Users/vagrant/Library/Developer/Xcode/DerivedData/AppSpectorSDK-cofrqffmpxxydhaydpjpjqdagebu/Build/Products/Debug-iphonesimulator/AppSpectorWrapper.app/AppSpectorWrapper -Xlinker -object_path_lto -Xlinker /Users/vagrant/Library/Developer/Xcode/DerivedData/AppSpectorSDK-cofrqffmpxxydhaydpjpjqdagebu/Build/Intermediates.noindex/AppSpectorSDK.build/Debug-iphonesimulator/AppSpectorTests.build/Objects-normal/x86_64/AppSpectorTests_lto.o -Xlinker -export_dynamic -Xlinker -no_deduplicate -Xlinker -objc_abi_version -Xlinker 2 -fobjc-arc -fobjc-link-runtime -fprofile-arcs -ftest-coverage -fprofile-instr-generate -framework Expecta -framework Nocilla -framework OCMock -framework XCTest -Xlinker -sectcreate -Xlinker __TEXT -Xlinker __entitlements -Xlinker /Users/vagrant/Library/Developer/Xcode/DerivedData/AppSpectorSDK-cofrqffmpxxydhaydpjpjqdagebu/Build/Intermediates.noindex/AppSpectorSDK.build/Debug-iphonesimulator/AppSpectorTests.build/AppSpectorTests.xctest-Simulated.xcent -framework Pods_AppSpectorTests -Xlinker -dependency_info -Xlinker /Users/vagrant/Library/Developer/Xcode/DerivedData/AppSpectorSDK-cofrqffmpxxydhaydpjpjqdagebu/Build/Intermediates.noindex/AppSpectorSDK.build/Debug-iphonesimulator/AppSpectorTests.build/Objects-normal/x86_64/AppSpectorTests_dependency_info.dat -o /Users/vagrant/Library/Developer/Xcode/DerivedData/AppSpectorSDK-cofrqffmpxxydhaydpjpjqdagebu/Build/Products/Debug-iphonesimulator/AppSpectorWrapper.app/PlugIns/AppSpectorTests.xctest/AppSpectorTests\nld: warning: ignoring file /Users/vagrant/Library/Developer/Xcode/DerivedData/AppSpectorSDK-cofrqffmpxxydhaydpjpjqdagebu/Build/Products/Debug-iphonesimulator/Expecta-iOS12.1/Expecta.framework/Expecta, file was built for i386 which is not the architecture being linked (x86_64): /Users/vagrant/Library/Developer/Xcode/DerivedData/AppSpectorSDK-cofrqffmpxxydhaydpjpjqdagebu/Build/Products/Debug-iphonesimulator/Expecta-iOS12.1/Expecta.framework/Expecta\nld: warning: ignoring file /Users/vagrant/Library/Developer/Xcode/DerivedData/AppSpectorSDK-cofrqffmpxxydhaydpjpjqdagebu/Build/Products/Debug-iphonesimulator/Nocilla-iOS12.1/Nocilla.framework/Nocilla, file was built for i386 which is not the architecture being linked (x86_64): /Users/vagrant/Library/Developer/Xcode/DerivedData/AppSpectorSDK-cofrqffmpxxydhaydpjpjqdagebu/Build/Products/Debug-iphonesimulator/Nocilla-iOS12.1/Nocilla.framework/Nocilla\nld: warning: ignoring file /Users/vagrant/Library/Developer/Xcode/DerivedData/AppSpectorSDK-cofrqffmpxxydhaydpjpjqdagebu/Build/Products/Debug-iphonesimulator/OCMock-iOS12.1/OCMock.framework/OCMock, file was built for i386 which is not the architecture being linked (x86_64): /Users/vagrant/Library/Developer/Xcode/DerivedData/AppSpectorSDK-cofrqffmpxxydhaydpjpjqdagebu/Build/Products/Debug-iphonesimulator/OCMock-iOS12.1/OCMock.framework/OCMock\nUndefined symbols for architecture x86_64:\n  \"_stubRequest\", referenced from:\n      -[ASSessionStarterTests stubAPIWithResponse:code:error:] in ASSessionStarterTests.o\n  \"__EXP_expect\", referenced from:\n      -[ASMessagePackWriterTests testEncodingNull] in ASMessagePackWriterTests.o\n      -[ASMessagePackWriterTests testMergingMessages] in ASMessagePackWriterTests.o\n      -[ASCompressionValidator validateSuccessCompressionWithEmptyData] in ASCompressionValidator-208458A5C840654.o\n      -[ASCompressionValidator validateSuccessCompressionWithEmptyJSON] in ASCompressionValidator-208458A5C840654.o\n      -[ASCompressionValidator validateSuccessCompressionWithSmallData] in ASCompressionValidator-208458A5C840654.o\n      -[ASCompressionValidator validateSuccessCompressionWithBigData] in ASCompressionValidator-208458A5C840654.o\n      -[ASFileCacheTests testCacheWritesData] in ASFileCacheTests.o\n      ...\n  \"_OBJC_CLASS_$_OCMArg\", referenced from:\n      objc-class-ref in ASSerializerTests.o\n      objc-class-ref in ASDeserializerTests.o\n      objc-class-ref in ASMessageGatewayTests.o\n      objc-class-ref in ASErrorSenderTests.o\n      objc-class-ref in ASEventSenderTests.o\n      objc-class-ref in ASMessageQueueTests.o\n      objc-class-ref in ASSessionConnectionControllerTests.o\n      ...\n  \"_OBJC_CLASS_$_OCMMacroState\", referenced from:\n      objc-class-ref in ASSerializerTests.o\n      objc-class-ref in ASDeserializerTests.o\n      objc-class-ref in ASAPIModelsBuilder-9B81D6F62755BAB.o\n      objc-class-ref in ASMessageGatewayTests.o\n      objc-class-ref in ASMessagePreprocessorTests.o\n      objc-class-ref in ASErrorSenderTests.o\n      objc-class-ref in ASEventSenderTests.o\n      ...\n  \"_OCMIsObjectType\", referenced from:\n      -[ASSerializerTests test_serilizeSingleNonReverseProperty_skipped] in ASSerializerTests.o\n      -[ASSerializerTests test_serializeKeyPathProperty_producesData] in ASSerializerTests.o\n      -[ASSerializerTests test_serializeToKeyPathDestination_producesData] in ASSerializerTests.o\n      -[ASSerializerTests test_serializeToOneRelation_producesData] in ASSerializerTests.o\n      -[ASSerializerTests test_serializeToOneRelationWithNilNestedObject_producesData] in ASSerializerTests.o\n      -[ASSerializerTests test_serializeToManyRelationWithNilNestedObject_producesData] in ASSerializerTests.o\n      -[ASSerializerTests test_serializeToManyRelationWithEmptyArray_producesData] in ASSerializerTests.o\n      ...\n  \"__EXPObjectify\", referenced from:\n      ___44-[ASMessagePackWriterTests testEncodingNull]_block_invoke in ASMessagePackWriterTests.o\n      ___44-[ASMessagePackWriterTests testEncodingNull]_block_invoke_2 in ASMessagePackWriterTests.o\n      -[ASMessagePackWriterTests testMergingMessages] in ASMessagePackWriterTests.o\n      ___47-[ASMessagePackWriterTests testMergingMessages]_block_invoke in ASMessagePackWriterTests.o\n      ___47-[ASMessagePackWriterTests testMergingMessages]_block_invoke.169 in ASMessagePackWriterTests.o\n      ___47-[ASMessagePackWriterTests testMergingMessages]_block_invoke.175 in ASMessagePackWriterTests.o\n      ___47-[ASMessagePackWriterTests testMergingMessages]_block_invoke.181 in ASMessagePackWriterTests.o\n      ...\n  \"_OBJC_CLASS_$_OCMockObject\", referenced from:\n      objc-class-ref in ASSerializerTests.o\n      objc-class-ref in ASDeserializerTests.o\n      objc-class-ref in ASAPIModelsBuilder-9B81D6F62755BAB.o\n      objc-class-ref in ASMessageGatewayTests.o\n      objc-class-ref in ASMessagePreprocessorTests.o\n      objc-class-ref in ASErrorSenderTests.o\n      objc-class-ref in ASEventSenderTests.o\n      ...\n  \"_OBJC_CLASS_$_LSNocilla\", referenced from:\n      objc-class-ref in ASSessionStarterTests.o\n  \"_OCMMakeLocation\", referenced from:\n      -[ASSerializerTests test_serializeString_producesStringData] in ASSerializerTests.o\n      -[ASSerializerTests test_serializeStringNil_producesData] in ASSerializerTests.o\n      -[ASSerializerTests test_serilizeSingleNonReverseProperty_skipped] in ASSerializerTests.o\n      -[ASSerializerTests test_serializeWrappedData_producesData] in ASSerializerTests.o\n      -[ASSerializerTests test_serializeWrappedUnexpectedObject_coveredBySafeTransformation] in ASSerializerTests.o\n      -[ASSerializerTests test_serializeURL_producesData] in ASSerializerTests.o\n      -[ASSerializerTests test_serializeKeyPathProperty_producesData] in ASSerializerTests.o\n      ...\nld: symbol(s) not found for architecture x86_64\nclang: error: linker com","position":989},{"chunk":"mand failed with exit code 1 (use -v to see invocation)\n\n2019-02-18 23:10:16.054 xcodebuild[1739:9856] Error Domain=IDETestOperationsObserverErrorDomain Code=14 \"Test operation was canceled. If you believe this error represents a bug, please attach the log file at /var/folders/90/5stft2v13fb_m_gv3c8x9nwc0000gn/T/com.apple.dt.XCTest/IDETestRunSession-70372AEF-62FD-47C7-BB54-F9251CB7B828/AppSpectorTests-659CD93A-EF0C-4B65-9769-990B4981B20D/Session-AppSpectorTests-2019-02-18_230720-yWBNhJ.log\" UserInfo={NSLocalizedDescription=Test operation was canceled. If you believe this error represents a bug, please attach the log file at /var/folders/90/5stft2v13fb_m_gv3c8x9nwc0000gn/T/com.apple.dt.XCTest/IDETestRunSession-70372AEF-62FD-47C7-BB54-F9251CB7B828/AppSpectorTests-659CD93A-EF0C-4B65-9769-990B4981B20D/Session-AppSpectorTests-2019-02-18_230720-yWBNhJ.log}\n\nTesting failed:\n\t\"_stubRequest\", referenced from:\n\t\"__EXP_expect\", referenced from:\n\t\"_OBJC_CLASS_$_OCMArg\", referenced from:\n\t\"_OBJC_CLASS_$_OCMMacroState\", referenced from:\n\t\"_OCMIsObjectType\", referenced from:\n\t\"__EXPObjectify\", referenced from:\n\t\"_OBJC_CLASS_$_OCMockObject\", referenced from:\n\t\"_OBJC_CLASS_$_LSNocilla\", referenced from:\n\t\"_OCMMakeLocation\", referenced from:\n\tLinker command failed with exit code 1 (use -v to see invocation)\n** TEST FAILED **\n\n\nThe following build commands failed:\n\tLd /Users/vagrant/Library/Developer/Xcode/DerivedData/AppSpectorSDK-cofrqffmpxxydhaydpjpjqdagebu/Build/Products/Debug-iphonesimulator/AppSpectorWrapper.app/PlugIns/AppSpectorTests.xctest/AppSpectorTests normal x86_64\n(1 failure)\n","position":990},{"chunk":"\u001b[33;1mxcode test exit code: 65\u001b[0m\n\u001b[31;1mxcode test failed, error: exit status 65\u001b[0m\n\u001b[31;1m\nLast lines of the Xcode's build log:\u001b[0m\n\t\"_OBJC_CLASS_$_OCMockObject\", referenced from:\n\t\"_OBJC_CLASS_$_LSNocilla\", referenced from:\n\t\"_OCMMakeLocation\", referenced from:\n\tLinker command failed with exit code 1 (use -v to see invocation)\n** TEST FAILED **\n\n\nThe following build commands failed:\n\tLd /Users/vagrant/Library/Developer/Xcode/DerivedData/AppSpectorSDK-cofrqffmpxxydhaydpjpjqdagebu/Build/Products/Debug-iphonesimulator/AppSpectorWrapper.app/PlugIns/AppSpectorTests.xctest/AppSpectorTests normal x86_64\n(1 failure)\n\u001b[33;1mIf you can't find the reason of the error in the log, please check the raw-xcodebuild-output.log\nThe log file is stored in $BITRISE_DEPLOY_DIR, and its full path\nis available in the $BITRISE_XCODE_RAW_TEST_RESULT_TEXT_PATH environment variable.\n\nYou can check the full, unfiltered and unformatted Xcode output in the file:\n/Users/vagrant/deploy/raw-xcodebuild-output.log\nIf you have the Deploy to Bitrise.io step (after this step),\nthat will attach the file to your build as an artifact!\u001b[0m\n|                                                                              |\n+---+---------------------------------------------------------------+----------+\n| \u001b[31;1mx\u001b[0m | \u001b[31;1mxcode-test (exit code: 1)\u001b[0m                                     | 311 sec  |\n+---+---------------------------------------------------------------+----------+\n| Issue tracker: https://github.com/bitrise-io/steps-xcode-test/issues         |\n| Source: https://github.com/bitrise-io/steps-xcode-test                       |\n+---+---------------------------------------------------------------+----------+\n\n                                          â–¼\n\n+------------------------------------------------------------------------------+\n| (7) Gems install                                                             |\n+------------------------------------------------------------------------------+\n| id: ruby-script                                                              |\n| version: 2.1.0                                                               |\n| collection: https://github.com/bitrise-io/bitrise-steplib.git                |\n| toolkit: bash                                                                |\n| time: 2019-02-18T23:10:23-08:00                                              |\n+------------------------------------------------------------------------------+\n|                                                                              |\n\u001b[33mWARN\u001b[0m[23:10:23] A previous step failed, and this step (Gems install) was not marked as IsAlwaysRun, skipped \n|                                                                              |\n+---+---------------------------------------------------------------+----------+\n| \u001b[34;1m-\u001b[0m | \u001b[34;1mGems install\u001b[0m                                                  | 1.27 sec |\n+---+---------------------------------------------------------------+----------+\n\n                                          â–¼\n\n+------------------------------------------------------------------------------+\n| (8) Test coverage                                                            |\n+------------------------------------------------------------------------------+\n| id: script                                                                   |\n| version: 1.1.5                                                               |\n| collection: https://github.com/bitrise-io/bitrise-steplib.git                |\n| toolkit: bash                                                                |\n| time: 2019-02-18T23:10:25-08:00                                              |\n+------------------------------------------------------------------------------+\n|                                                                              |\n\u001b[33mWARN\u001b[0m[23:10:25] A previous step failed, and this step (Test coverage) was not marked as IsAlwaysRun, skipped \n|                                                                              |\n+---+---------------------------------------------------------------+----------+\n| \u001b[34;1m-\u001b[0m | \u001b[34;1mTest coverage\u001b[0m                                                 | 1.23 sec |\n+---+---------------------------------------------------------------+----------+\n\n                                          â–¼\n\n","position":991},{"chunk":"+------------------------------------------------------------------------------+\n| (9) deploy-to-bitrise-io                                                     |\n+------------------------------------------------------------------------------+\n| id: deploy-to-bitrise-io                                                     |\n| version: 1.3.19                                                              |\n| collection: https://github.com/bitrise-io/bitrise-steplib.git                |\n| toolkit: go                                                                  |\n| time: 2019-02-18T23:10:26-08:00                                              |\n+------------------------------------------------------------------------------+\n|                                                                              |\n\n\u001b[34;1mConfigs:\u001b[0m\n- BuildURL: https://app.bitrise.io/build/7e51a6833410374f\n- APIToken: [REDACTED]\n- IsCompress: false\n- DeployPath: /Users/vagrant/deploy\n- NotifyUserGroups: everyone\n- NotifyEmailList: \n- IsPublicPageEnabled: true\n- PublicInstallPageMapFormat: {{range $index, $element := .}}{{if $index}}|{{end}}{{$element.File}}=>{{$element.URL}}{{end}}\n\n\u001b[34;1mDeploying the content of the Deploy directory separately\u001b[0m\n\n\u001b[34;1mList of files to deploy\u001b[0m\n- /Users/vagrant/deploy/raw-xcodebuild-output.log\n\n\u001b[34;1mDeploying files\u001b[0m\n\n\u001b[32;1mUploading file: /Users/vagrant/deploy/raw-xcodebuild-output.log\u001b[0m\ncreating artifact\n  file size: 7MB\nuploading artifact\n  % Total    % Received % Xferd  Average Speed   Time    Time     Time  Current\n                                 Dload  Upload   Total   Spent    Left  Speed\n","position":992},{"chunk":"\r  0     0    0     0    0     0      0      0 --:--:-- --:--:-- --:--:--     0\r  1 7797k    0     0    1  144k      0   276k  0:00:28 --:--:--  0:00:28  276k\r  3 7797k    0     0    3  304k      0   200k  0:00:38  0:00:01  0:00:37  200k\r  5 7797k    0     0    5  448k      0   178k  0:00:43  0:00:02  0:00:41  178k\r  8 7797k    0     0    8  688k      0   194k  0:00:40  0:00:03  0:00:37  194k\r 13 7797k    0     0   13 1088k      0   239k  0:00:32  0:00:04  0:00:28  239k\r 24 7797k    0     0   24 1904k      0   345k  0:00:22  0:00:05  0:00:17  352k\r 44 7797k    0     0   44 3440k      0   528k  0:00:14  0:00:06  0:00:08  627k\r 79 7797k    0     0   79 6192k      0   823k  0:00:09  0:00:07  0:00:02 1146k\r100 7797k    0     0  100 7797k      0   965k  0:00:08  0:00:08 --:--:-- 1566k\nfinishing artifact\n\u001b[33;1mis_enable_public_page is set, but public download isn't allowed for this type of file\u001b[0m\n\n\u001b[32;1mSuccess\u001b[0m\nYou can find the Artifact on Bitrise, on the Build's page: https://app.bitrise.io/build/7e51a6833410374f\n|                                                                              |\n+---+---------------------------------------------------------------+----------+\n| \u001b[32;1mâœ“\u001b[0m | \u001b[32;1mdeploy-to-bitrise-io\u001b[0m                                          | 14 sec   |\n+---+---------------------------------------------------------------+----------+\n\n                                          â–¼\n\n","position":993},{"chunk":"+------------------------------------------------------------------------------+\n| (10) slack                                                                   |\n+------------------------------------------------------------------------------+\n| id: slack                                                                    |\n| version: 3.1.2                                                               |\n| collection: https://github.com/bitrise-io/bitrise-steplib.git                |\n| toolkit: go                                                                  |\n| time: 2019-02-18T23:10:40-08:00                                              |\n+------------------------------------------------------------------------------+\n|                                                                              |\n\u001b[34;1mConfig:\n\u001b[0m\n- Debug: true\n- WebhookURL: *****\n- APIToken: \n- Channel: #appspector-upstream\n- ChannelOnError: \n- Text: \n- TextOnError: \n- IconEmoji: \n- IconEmojiOnError: \n- IconURL: https://github.com/bitrise-io.png\n- IconURLOnError: https://github.com/bitrise-io.png\n- LinkNames: true\n- Username: Bitrise OS check - OK\n- UsernameOnError: Bitrise OS check - ERROR\n- Color: #3bc3a3\n- ColorOnError: #f0741f\n- PreText: *Build Succeeded!*\n- PreTextOnError: *Build Failed!*\n- AuthorName: Deszip\n- Title: Test fix\n- TitleOnError: \n- TitleLink: \n- Message: branch: develop - failed - https://app.bitrise.io/build/7e51a6833410374f\n- MessageOnError: \n- ImageURL: \n- ImageURLOnError: \n- ThumbURL: \n- ThumbURLOnError: \n- Footer: Bitrise\n- FooterIcon: https://github.com/bitrise-io.png?size=16\n- TimeStamp: true\n- Fields: App|appspector-ios-sdk\nBranch|develop\nWorkflow|os-compatibility\n\n- Buttons: View App|https://app.bitrise.io/app/17e138eab39135f1\nView Build|https://app.bitrise.io/build/7e51a6833410374f\nInstall Page|\n\nRequest to Slack: {\"channel\":\"#appspector-upstream\",\"attachments\":[{\"fallback\":\"branch: develop - failed - https://app.bitrise.io/build/7e51a6833410374f\",\"color\":\"#f0741f\",\"pretext\":\"*Build Failed!*\",\"author_name\":\"Deszip\",\"title\":\"Test fix\",\"text\":\"branch: develop - failed - https://app.bitrise.io/build/7e51a6833410374f\",\"fields\":[{\"short\":true,\"title\":\"App\",\"value\":\"appspector-ios-sdk\"},{\"short\":true,\"title\":\"Branch\",\"value\":\"develop\"},{\"short\":true,\"title\":\"Workflow\",\"value\":\"os-compatibility\"}],\"footer\":\"Bitrise\",\"footer_icon\":\"https://github.com/bitrise-io.png?size=16\",\"ts\":1550560242,\"actions\":[{\"style\":\"default\",\"text\":\"View App\",\"type\":\"button\",\"url\":\"https://app.bitrise.io/app/17e138eab39135f1\"},{\"style\":\"default\",\"text\":\"View Build\",\"type\":\"button\",\"url\":\"https://app.bitrise.io/build/7e51a6833410374f\"}]}],\"icon_url\":\"https://github.com/bitrise-io.png\",\"link_names\":true,\"username\":\"Bitrise OS check - ERROR\"}\n\n\u001b[32;1m\nSlack message successfully sent! ðŸš€\n\u001b[0m\n|                                                                              |\n+---+---------------------------------------------------------------+----------+\n| \u001b[32;1mâœ“\u001b[0m | \u001b[32;1mslack\u001b[0m                                                         | 4.23 sec |\n+---+---------------------------------------------------------------+----------+\n\n                                          â–¼\n\n","position":994},{"chunk":"+------------------------------------------------------------------------------+\n| (11) cache-push                                                              |\n+------------------------------------------------------------------------------+\n| id: cache-push                                                               |\n| version: 2.0.5                                                               |\n| collection: https://github.com/bitrise-io/bitrise-steplib.git                |\n| toolkit: go                                                                  |\n| time: 2019-02-18T23:10:44-08:00                                              |\n+------------------------------------------------------------------------------+\n|                                                                              |\n\u001b[33mWARN\u001b[0m[23:10:44] A previous step failed, and this step (cache-push) was not marked as IsAlwaysRun, skipped \n|                                                                              |\n+---+---------------------------------------------------------------+----------+\n| \u001b[34;1m-\u001b[0m | \u001b[34;1mcache-push\u001b[0m                                                    | 1.51 sec |\n+---+---------------------------------------------------------------+----------+\n\n\n+------------------------------------------------------------------------------+\n|                               bitrise summary                                |\n+---+---------------------------------------------------------------+----------+\n|   | title                                                         | time (s) |\n+---+---------------------------------------------------------------+----------+\n| \u001b[32;1mâœ“\u001b[0m | \u001b[32;1mactivate-ssh-key@3.1.1\u001b[0m                                        | 2.46 sec |\n+---+---------------------------------------------------------------+----------+\n| Update available: 3.1.1 -> 4.0.3                                             |\n+---+---------------------------------------------------------------+----------+\n| \u001b[32;1mâœ“\u001b[0m | \u001b[32;1mgit-clone\u001b[0m                                                     | 11 sec   |\n+---+---------------------------------------------------------------+----------+\n| \u001b[32;1mâœ“\u001b[0m | \u001b[32;1mcache-pull\u001b[0m                                                    | 9.09 sec |\n+---+---------------------------------------------------------------+----------+\n| \u001b[32;1mâœ“\u001b[0m | \u001b[32;1mcertificate-and-profile-installer\u001b[0m                             | 7.72 sec |\n+---+---------------------------------------------------------------+----------+\n| \u001b[32;1mâœ“\u001b[0m | \u001b[32;1mcocoapods-install\u001b[0m                                             | 18 sec   |\n+---+---------------------------------------------------------------+----------+\n| \u001b[32;1mâœ“\u001b[0m | \u001b[32;1mrecursive-touch@0.9.0\u001b[0m                                         | 5.41 sec |\n+---+---------------------------------------------------------------+----------+\n| \u001b[31;1mx\u001b[0m | \u001b[31;1mxcode-test (exit code: 1)\u001b[0m                                     | 311 sec  |\n+---+---------------------------------------------------------------+----------+\n| Issue tracker: https://github.com/bitrise-io/steps-xcode-test/issues         |\n| Source: https://github.com/bitrise-io/steps-xcode-test                       |\n+---+---------------------------------------------------------------+----------+\n| \u001b[34;1m-\u001b[0m | \u001b[34;1mGems install\u001b[0m                                                  | 1.27 sec |\n+---+---------------------------------------------------------------+----------+\n| \u001b[34;1m-\u001b[0m | \u001b[34;1mTest coverage\u001b[0m                                                 | 1.23 sec |\n+---+---------------------------------------------------------------+----------+\n| \u001b[32;1mâœ“\u001b[0m | \u001b[32;1mdeploy-to-bitrise-io\u001b[0m                                          | 14 sec   |\n+---+---------------------------------------------------------------+----------+\n| \u001b[32;1mâœ“\u001b[0m | \u001b[32;1mslack\u001b[0m                                                         | 4.23 sec |\n+---+---------------------------------------------------------------+----------+\n| \u001b[34;1m-\u001b[0m | \u001b[34;1mcache-push\u001b[0m                                                    | 1.51 sec |\n+---+---------------------------------------------------------------+----------+\n| Total runtime: 387 sec                                                       |\n+------------------------------------------------------------------------------+\n\n\u001b[34;1m\u001b[0m\n\u001b[34;1mSubmitting anonymized usage informations...\u001b[0m\n\u001b[34;1mFor more information visit:\u001b[0m\n\u001b[34;1mhttps://github.com/bitrise-core/bitrise-plugins-analytics/blob/master/README.md\u001b[0m\n","position":995},{"chunk":"exit status 1","position":997}],"timestamp":12345}
